<?xml version="1.0"?>
<testsuite errors="0" failures="1" name="pytest" skips="1" tests="3" time="109.732">
  <testcase classname="test.component-test.test_cli_pagination" file="test/component-test/test_cli_pagination.py" line="38" name="test_pagination_engine" time="48.1109819412">
    <system-out>
    </system-out>
  </testcase>
  <testcase classname="test.component-test.test_config_reflow" file="test/component-test/test_config_reflow.py" line="13" name="test_reflow_ntp_command" time="0.000453233718872">
    <skipped message="reflow not currently being triggered by session notifications" type="pytest.skip">
            test/component-test/test_config_reflow.py:13
    </skipped>
  </testcase>
  <testcase classname="test.component-test.test_copy" file="test/component-test/test_copy.py" line="11" name="test_simple_node_copy" time="21.4104881287">
    <failure message="test failed">
    </failure>
    <system-out>
    </system-out>
  </testcase>
</testsuite>
